[2024/Mar/21 21:36:58] - INFO:
User annap has registered.
[2024/Mar/22 16:08:35] - INFO:
User testovo has registered.
[2024/Mar/24 01:32:18] - INFO:
User fani has registered.
[2024/Mar/24 15:25:26] - INFO:
User hanabann has registered.
[2024/Mar/24 15:28:02] - INFO:
User apetitko has registered.
[2024/Mar/24 19:16:30] - INFO:
User tast6 has registered.
[2024/Mar/24 01:32:18] - INFO:
User fani has registered.
[2024/Mar/24 15:25:26] - INFO:
User hanabann has registered.
[2024/Mar/24 15:28:02] - INFO:
User apetitko has registered.
[2024/Mar/24 19:16:30] - INFO:
User tast6 has registered.
